
[Tue May 28 00:24:39 2024](2123410230) : 在线人数0
服务器延时84.79600000009668ms
[Tue May 28 00:35:08 2024](2123410230) : 在线人数:0
服务器延时120.34199999925477ms
[Tue May 28 00:38:57 2024](2123410230) : [查询]
[状态]
[开服]
[关服]
[Tue May 28 00:39:10 2024](2123410230) : 在线人数:0
服务器延时94.79519999968034ms
[Tue May 28 01:07:53 2024](2123410230) : 
[Tue May 28 01:10:30 2024](2123410230) : 
[Tue May 28 01:11:42 2024](2123410230) : 
[Tue May 28 01:12:37 2024](2123410230) : 服务器名称:Motd(parsed=['Miku2', ], raw={'text': 'Miku2'}, bedrock=False)
服务器IP:frp-fee.top:27502
在线人数:0
服务器延时:88ms
服务器版本:1.18.2
[Tue May 28 01:17:55 2024](2123410230) : 服务器名称:{'text': 'Miku2'}
服务器IP:frp-fee.top:27502
在线人数:0
服务器延时:83ms
服务器版本:1.18.2
[Tue May 28 01:21:02 2024](2123410230) : 服务器名称:['Miku2', ]
服务器IP:frp-fee.top:27502
在线人数:0
服务器延时:94ms
服务器版本:1.18.2
[Tue May 28 01:21:53 2024](2123410230) : 服务器名称:/n['Miku2', ]
服务器IP:frp-fee.top:27502
在线人数:0
服务器延时:86ms
服务器版本:1.18.2
[Tue May 28 01:22:31 2024](2123410230) : [添加]
[删除]
[状态]
[开服]
[关服]
[Tue May 28 01:22:38 2024](2123410230) : 服务器名称:
['Miku2', ]
服务器IP:frp-fee.top:27502
在线人数:0
服务器延时:84ms
服务器版本:1.18.2
[Tue May 28 01:23:19 2024](2123410230) : 喵
服务器名称:
['Miku2', ]
服务器IP:frp-fee.top:27502
在线人数:0
服务器延时:362ms
服务器版本:1.18.2
[Tue May 28 01:24:07 2024](2123410230) : 喵
服务器名称:[]
服务器IP:frp-fee.top:27502
在线人数:0
服务器延时:90ms
服务器版本:1.18.2
[Tue May 28 01:24:41 2024](2123410230) : 喵
服务器名称:['Miku2', ]
服务器IP:frp-fee.top:27502
在线人数:0
服务器延时:87ms
服务器版本:1.18.2
[Tue May 28 01:27:28 2024](2123410230) : 喵
服务器名称:[]
服务器IP:frp-fee.top:27502
在线人数:0
服务器延时:82ms
服务器版本:1.18.2
[Tue May 28 01:30:14 2024](2123410230) : 喵
服务器名称:['Miku2', , 'Miku2', ]
服务器IP:frp-fee.top:27502
在线人数:0
服务器延时:79ms
服务器版本:1.18.2
[Tue May 28 01:30:39 2024](2123410230) : 喵
服务器名称:['Miku2', , 'Miku2', ]
服务器IP:frp-fee.top:27502
在线人数:0
服务器延时:86ms
服务器版本:1.18.2
[Tue May 28 01:31:56 2024](2123410230) : 喵
服务器名称:['Miku2', , 'Miku2', ]
服务器IP:frp-fee.top:27502
在线人数:0
服务器延时:133ms
服务器版本:1.18.2
[Tue May 28 01:35:08 2024](2123410230) : , 'Miku2', ]
服务器IP:frp-fee.top:27502
在线人数:0
服务器延时:376ms
服务器版本:1.18.2&gt;
[Tue May 28 01:37:38 2024](2123410230) : , 'Miku2', ]
服务器IP:frp-fee.top:27502
在线人数:0
服务器延时:77ms
服务器版本:1.18.2&gt;
[Tue May 28 01:38:18 2024](2123410230) : ]
服务器IP:frp-fee.top:27502
在线人数:0
服务器延时:86ms
服务器版本:1.18.2&gt;
[Tue May 28 01:39:58 2024](2123410230) : , ]
服务器IP:frp-fee.top:27502
在线人数:0
服务器延时:76ms
服务器版本:1.18.2&gt;
[Tue May 28 01:41:33 2024](2123410230) : ]
服务器IP:frp-fee.top:27502
在线人数:0
服务器延时:390ms
服务器版本:1.18.2&gt;
[Tue May 28 01:42:02 2024](2123410230) : ]
服务器IP:frp-fee.top:27502
在线人数:0
服务器延时:77ms
服务器版本:1.18.2&gt;
[Tue May 28 01:47:51 2024](2123410230) : ]
服务器IP:frp-fee.top:27502
在线人数:0
服务器延时:71ms
服务器版本:1.18.2&gt;
[Tue May 28 01:49:57 2024](2123410230) : ]
服务器IP:frp-fee.top:27502
在线人数:0
服务器延时:73ms
服务器版本:1.18.2&gt;
[Tue May 28 01:50:09 2024](2123410230) : <at id="2115236412" name="blue20002"/>连接失败
[Tue May 28 01:51:23 2024](2123410230) : <at id="2115236412" name="blue20002"/>连接失败
[Tue May 28 01:51:32 2024](2123410230) : <at id="2115236412" name="blue20002"/>服务器名称:['Miku2', ]
服务器IP:frp-fee.top:27502
在线人数:0
服务器延时:79ms
服务器版本:1.18.2
[Tue May 28 01:52:18 2024](2123410230) : <at id="2115236412" name="blue20002"/>服务器名称:['Miku2', ]
服务器IP:frp-fee.top:27502
在线人数:0
服务器延时:122ms
服务器版本:1.18.2
[Tue May 28 01:52:44 2024](2123410230) : <at id="2115236412" name="blue20002"/>喵
服务器名称:['Miku2', , 'Miku2', ]
服务器IP:frp-fee.top:27502
在线人数:0
服务器延时:77ms
服务器版本:1.18.2
[Tue May 28 01:56:46 2024](2123410230) : <at id="2115236412" name="blue20002"/>喵
服务器名称:[]
服务器IP:frp-fee.top:27502
在线人数:0
服务器延时:86ms
服务器版本:1.18.2
[Tue May 28 01:58:45 2024](2123410230) : <at id="2115236412" name="blue20002"/>喵
服务器名称:[]
服务器IP:frp-fee.top:27502
在线人数:0
服务器延时:78ms
服务器版本:1.18.2
[Tue May 28 02:01:09 2024](2123410230) : <at id="2115236412" name="blue20002"/>喵
服务器名称:[]
服务器IP:frp-fee.top:27502
服务器延时:76ms
服务器版本:1.18.2
在线人数:0
[Tue May 28 02:01:44 2024](2123410230) : <at id="2115236412" name="blue20002"/>喵
服务器名称:['Miku2']
服务器IP:frp-fee.top:27502
服务器延时:82ms
服务器版本:1.18.2
在线人数:0
[Tue May 28 02:04:43 2024](2123410230) : <at id="2123410230" name="Misaka"/>喵
服务器名称:[]
服务器IP:frp-fee.top:27502
服务器延时:79ms
服务器版本:1.18.2
在线人数:0
[Tue May 28 02:07:41 2024](2123410230) : <at id="2123410230" name="Misaka"/>喵
服务器名称:['Miku2']
服务器IP:frp-fee.top:27502
服务器延时:75ms
服务器版本:1.18.2
在线人数:0
[Tue May 28 02:12:03 2024](2123410230) : <at id="2123410230" name="Misaka"/>喵
连接失败
[Tue May 28 02:12:20 2024](2123410230) : <at id="2123410230" name="Misaka"/>喵
连接失败
[Tue May 28 02:13:01 2024](2123410230) : <at id="2123410230" name="Misaka"/>喵
连接失败
[Tue May 28 02:14:32 2024](2123410230) : <at id="2123410230" name="Misaka"/>喵
连接失败
[Tue May 28 02:15:41 2024](2123410230) : <at id="2123410230" name="Misaka"/>喵
服务器名称:['Miku2', ]
服务器IP:frp-now.top:38256
服务器延时:41ms
服务器版本:1.18.2
在线人数:0
[Tue May 28 02:15:50 2024](2123410230) : <at id="2123410230" name="Misaka"/>喵
服务器名称:['Miku2', ]
服务器IP:frp-now.top:38256
服务器延时:47ms
服务器版本:1.18.2
在线人数:0
[Tue May 28 02:16:50 2024](2123410230) : <at id="2123410230" name="Misaka"/>喵
服务器名称:['Miku2', ]
服务器IP:frp-fee.top:27502
服务器延时:67ms
服务器版本:1.18.2
在线人数:0
[Tue May 28 02:19:40 2024](2123410230) : <at id="2123410230" name="Misaka"/>喵
连接失败
[Tue May 28 02:19:55 2024](2123410230) : <at id="2123410230" name="Misaka"/>喵
连接失败
[Tue May 28 02:23:05 2024](2123410230) : <at id="2123410230" name="Misaka"/>喵
连接失败
[Tue May 28 02:23:16 2024](2123410230) : <at id="2123410230" name="Misaka"/>喵
连接失败
[Tue May 28 02:24:02 2024](2123410230) : <at id="2123410230" name="Misaka"/>喵
连接失败
[Tue May 28 02:24:24 2024](2123410230) : <at id="2123410230" name="Misaka"/>喵
[添加]
[删除]
[查询]
[开服]
[关服]
[Tue May 28 02:24:31 2024](2123410230) : <at id="2123410230" name="Misaka"/>喵
连接失败
[Tue May 28 02:25:06 2024](2123410230) : <at id="2123410230" name="Misaka"/>喵
连接失败
[Tue May 28 02:25:48 2024](2123410230) : <at id="2123410230" name="Misaka"/>喵
连接失败
[Tue May 28 02:26:08 2024](2123410230) : <at id="2123410230" name="Misaka"/>喵
连接失败