
[Wed May 29 21:54:50 2024](2123410230) : 1
[Wed May 29 21:55:01 2024](2123410230) : 列表
[Wed May 29 21:55:04 2024](2123410230) : <at id="2123410230" name="Misaka"/>喵~没有哦
[Wed May 29 21:55:39 2024](2123410230) : 列表
[Wed May 29 21:55:42 2024](2123410230) : <at id="2123410230" name="Misaka"/>喵
101.67.56.19:19132-HYT Proxy
[Wed May 29 23:07:36 2024](2123410230) : 1
[Wed May 29 23:07:36 2024](2123410230) : 1
[Wed May 29 23:07:37 2024](2123410230) : 1
[Wed May 29 23:30:59 2024](2123410230) : 启动
[Wed May 29 23:31:02 2024](2123410230) : <at id="2123410230" name="Misaka"/>喵
正在启动喵
[Wed May 29 23:35:17 2024](2123410230) : 启动
[Wed May 29 23:35:20 2024](2123410230) : <at id="2123410230" name="Misaka"/>喵
正在启动喵
[Wed May 29 23:38:24 2024](2123410230) : 启动
[Wed May 29 23:38:27 2024](2123410230) : <at id="2123410230" name="Misaka"/>喵
已经启动了喵
[Wed May 29 23:38:45 2024](2123410230) : 关闭
[Wed May 29 23:38:48 2024](2123410230) : <at id="2123410230" name="Misaka"/>喵
未开启喵
[Wed May 29 23:44:48 2024](2123410230) : 启动
[Wed May 29 23:44:51 2024](2123410230) : <at id="2123410230" name="Misaka"/>喵
正在启动喵
[Wed May 29 23:49:14 2024](3691365980) : /echo 1
[Wed May 29 23:49:15 2024](3691365980) : /echo 1
[Wed May 29 23:49:17 2024](2123410230) : 1
[Wed May 29 23:49:18 2024](2123410230) : 1
[Wed May 29 23:49:19 2024](2123410230) : 1
[Wed May 29 23:49:24 2024](3691365980) : /echo 1
[Wed May 29 23:49:24 2024](3691365980) : /echo 1
[Wed May 29 23:49:24 2024](3691365980) : /echo 1
[Wed May 29 23:49:25 2024](3691365980) : /echo 1
[Wed May 29 23:49:25 2024](3691365980) : /echo 1
[Wed May 29 23:49:25 2024](3691365980) : /echo 1
[Wed May 29 23:49:25 2024](3691365980) : /echo 1
[Wed May 29 23:49:26 2024](3691365980) : /echo 1
[Wed May 29 23:49:27 2024](3691365980) : /echo 1
[Wed May 29 23:49:27 2024](2123410230) : 1
[Wed May 29 23:49:27 2024](2123410230) : 1
[Wed May 29 23:49:27 2024](2123410230) : 1
[Wed May 29 23:49:28 2024](2123410230) : 1
[Wed May 29 23:49:28 2024](2123410230) : 1
[Wed May 29 23:49:28 2024](2123410230) : 1
[Wed May 29 23:49:28 2024](2123410230) : 1
[Wed May 29 23:49:28 2024](2123410230) : 1
[Wed May 29 23:49:29 2024](2123410230) : 1
[Wed May 29 23:49:29 2024](2123410230) : 1
[Wed May 29 23:49:29 2024](2123410230) : 1
[Wed May 29 23:49:29 2024](2123410230) : 1
[Wed May 29 23:49:30 2024](2123410230) : 1
[Wed May 29 23:49:30 2024](2123410230) : 1
[Wed May 29 23:49:31 2024](2123410230) : 1
[Wed May 29 23:49:32 2024](2123410230) : 1
[Wed May 29 23:49:40 2024](2123410230) : /echo 1
[Wed May 29 23:49:40 2024](2123410230) : /echo 1
[Wed May 29 23:49:41 2024](2123410230) : /echo 1
[Wed May 29 23:49:41 2024](2123410230) : /echo 1
[Wed May 29 23:49:41 2024](2123410230) : /echo 1
[Wed May 29 23:49:42 2024](2123410230) : /echo 1
[Wed May 29 23:49:42 2024](2123410230) : /echo 1
[Wed May 29 23:49:42 2024](2123410230) : /echo 1
[Wed May 29 23:49:42 2024](3691365980) : 1
[Wed May 29 23:49:43 2024](2123410230) : /echo 1
[Wed May 29 23:49:43 2024](2123410230) : /echo 1
[Wed May 29 23:49:43 2024](2123410230) : /echo 1
[Wed May 29 23:49:43 2024](3691365980) : 1
[Wed May 29 23:49:44 2024](2123410230) : /echo 1
[Wed May 29 23:49:44 2024](2123410230) : /echo 1
[Wed May 29 23:49:44 2024](2123410230) : /echo 1
/echo 1
[Wed May 29 23:49:44 2024](3691365980) : 1
[Wed May 29 23:49:44 2024](3691365980) : 1
[Wed May 29 23:49:45 2024](2123410230) : /echo 1
[Wed May 29 23:49:45 2024](2123410230) : /echo 1
[Wed May 29 23:49:45 2024](3691365980) : 1
[Wed May 29 23:49:45 2024](2123410230) : /echo 1
/echo 1
[Wed May 29 23:49:45 2024](2123410230) : /echo 1
[Wed May 29 23:49:46 2024](2123410230) : /echo 1
[Wed May 29 23:49:46 2024](2123410230) : /echo 1
[Wed May 29 23:49:46 2024](2123410230) : /echo 1
[Wed May 29 23:49:46 2024](3691365980) : 1
[Wed May 29 23:49:46 2024](2123410230) : /echo 1
[Wed May 29 23:49:46 2024](2123410230) : /echo 1
[Wed May 29 23:49:47 2024](3691365980) : 1
[Wed May 29 23:49:47 2024](2123410230) : /echo 1
[Wed May 29 23:49:47 2024](2123410230) : /echo 1
[Wed May 29 23:49:47 2024](2123410230) : /echo 1
[Wed May 29 23:49:47 2024](2123410230) : /echo 1
[Wed May 29 23:49:47 2024](3691365980) : 1
[Wed May 29 23:49:47 2024](2123410230) : /echo 1
[Wed May 29 23:49:48 2024](2123410230) : /echo 1
[Wed May 29 23:49:48 2024](3691365980) : 1
[Wed May 29 23:49:48 2024](2123410230) : /echo 1
[Wed May 29 23:49:48 2024](3691365980) : 1
[Wed May 29 23:49:48 2024](2123410230) : /echo 1
[Wed May 29 23:49:48 2024](2123410230) : /echo 1
[Wed May 29 23:49:49 2024](3691365980) : 1
[Wed May 29 23:49:49 2024](3691365980) : 1
[Wed May 29 23:49:49 2024](3691365980) : 1
[Wed May 29 23:49:49 2024](2123410230) : /echo 1
[Wed May 29 23:49:49 2024](2123410230) : /echo 1
/echo 1

[Wed May 29 23:49:50 2024](3691365980) : 1
[Wed May 29 23:49:50 2024](2123410230) : /echo 1
[Wed May 29 23:49:50 2024](3691365980) : 1 /echo 1
[Wed May 29 23:49:50 2024](2123410230) : /echo 1
/echo 1

[Wed May 29 23:49:50 2024](2123410230) : /echo 1
[Wed May 29 23:49:51 2024](2123410230) : /echo 1
[Wed May 29 23:49:51 2024](2123410230) : /echo 1
[Wed May 29 23:49:51 2024](2123410230) : /echo 1
[Wed May 29 23:49:51 2024](3691365980) : 1
[Wed May 29 23:49:51 2024](2123410230) : /echo 1
[Wed May 29 23:49:52 2024](2123410230) : /echo 1
[Wed May 29 23:49:52 2024](3691365980) : 1
[Wed May 29 23:49:52 2024](3691365980) : 1
[Wed May 29 23:49:52 2024](2123410230) : /echo 1
[Wed May 29 23:49:52 2024](2123410230) : /echo 1
[Wed May 29 23:49:53 2024](2123410230) : /echo 1
[Wed May 29 23:49:53 2024](3691365980) : 1 /echo 1
[Wed May 29 23:49:53 2024](2123410230) : /echo 1
[Wed May 29 23:49:53 2024](3691365980) : 1
[Wed May 29 23:49:54 2024](3691365980) : 1
[Wed May 29 23:49:54 2024](3691365980) : 1
[Wed May 29 23:49:55 2024](3691365980) : 1
[Wed May 29 23:49:55 2024](3691365980) : 1
[Wed May 29 23:49:56 2024](3691365980) : 1
[Wed May 29 23:49:57 2024](3691365980) : 1
[Wed May 29 23:49:57 2024](3691365980) : 1
[Wed May 29 23:49:58 2024](3691365980) : 1
[Wed May 29 23:49:58 2024](3691365980) : 1
[Wed May 29 23:49:59 2024](3691365980) : 1
[Wed May 29 23:49:59 2024](3691365980) : 1
[Wed May 29 23:50:00 2024](3691365980) : 1
[Wed May 29 23:50:01 2024](3691365980) : 1 /echo 1
[Wed May 29 23:50:01 2024](3691365980) : 1
[Wed May 29 23:50:02 2024](3691365980) : 1
[Wed May 29 23:50:02 2024](3691365980) : 1
[Wed May 29 23:50:03 2024](3691365980) : 1 /echo 1
[Wed May 29 23:50:04 2024](3691365980) : 1
[Wed May 29 23:50:05 2024](3691365980) : 1
[Wed May 29 23:50:05 2024](3691365980) : 1
[Wed May 29 23:50:06 2024](3691365980) : 1
[Wed May 29 23:50:06 2024](3691365980) : 1
[Wed May 29 23:50:07 2024](3691365980) : 1
[Wed May 29 23:50:08 2024](3691365980) : 1
[Wed May 29 23:51:07 2024](2123410230) : 启动
[Wed May 29 23:51:08 2024](2123410230) : 启动
[Wed May 29 23:51:10 2024](2123410230) : <at id="2123410230" name="Misaka"/>喵
正在启动喵
[Wed May 29 23:51:11 2024](2123410230) : <at id="2123410230" name="Misaka"/>喵
正在启动喵
[Wed May 29 23:51:11 2024](2123410230) : <at id="2123410230" name="Misaka"/>喵
正在启动喵
[Wed May 29 23:51:12 2024](2123410230) : <at id="2123410230" name="Misaka"/>喵
正在启动喵
[Wed May 29 23:51:25 2024](2123410230) : 启动
[Wed May 29 23:51:28 2024](2123410230) : <at id="2123410230" name="Misaka"/>喵
正在启动喵
[Wed May 29 23:52:33 2024](2123410230) : 启动
[Wed May 29 23:52:36 2024](2123410230) : <at id="2123410230" name="Misaka"/>喵
正在启动喵
[Wed May 29 23:52:39 2024](2123410230) : <at id="2123410230" name="Misaka"/>喵
启动失败
[Wed May 29 23:52:45 2024](2123410230) : 确实
[Wed May 29 23:52:46 2024](2123410230) : 启动
[Wed May 29 23:52:49 2024](2123410230) : <at id="2123410230" name="Misaka"/>喵
正在启动喵
[Wed May 29 23:52:52 2024](2123410230) : <at id="2123410230" name="Misaka"/>喵
启动失败
[Wed May 29 23:53:12 2024](2123410230) : 启动
[Wed May 29 23:53:15 2024](2123410230) : <at id="2123410230" name="Misaka"/>喵
正在启动喵
[Wed May 29 23:53:33 2024](2123410230) : <at id="2123410230" name="Misaka"/>启动成功
[Wed May 29 23:53:34 2024](2123410230) : 关闭
[Wed May 29 23:53:37 2024](2123410230) : <at id="2123410230" name="Misaka"/>喵
正在关闭喵
[Wed May 29 23:53:46 2024](2123410230) : <at id="2123410230" name="Misaka"/>喵
启动失败